# JRE version: Java(TM) SE Runtime Environment (7.0_45-b18) (build 1.7.0_45-b18)
# Java VM: Java HotSpot(TM) 64-Bit Server VM (24.45-b08 mixed mode windows-amd64 compressed oops)
Heap
 PSYoungGen      total 298496K, used 298483K [0x00000000eaa80000, 0x0000000100000000, 0x0000000100000000)
  eden space 257024K, 100% used [0x00000000eaa80000,0x00000000fa580000,0x00000000fa580000)
  from space 41472K, 99% used [0x00000000fa580000,0x00000000fcdfce28,0x00000000fce00000)
  to   space 51200K, 89% used [0x00000000fce00000,0x00000000ffa914d8,0x0000000100000000)
 ParOldGen       total 119808K, used 101409K [0x00000000c0000000, 0x00000000c7500000, 0x00000000eaa80000)
  object space 119808K, 84% used [0x00000000c0000000,0x00000000c6308718,0x00000000c7500000)
 PSPermGen       total 121344K, used 107213K [0x00000000b0000000, 0x00000000b7680000, 0x00000000c0000000)
  object space 121344K, 88% used [0x00000000b0000000,0x00000000b68b3460,0x00000000b7680000)
GC Heap History (10 events):
Event: 7499.851 GC heap after
Heap after GC invocations=31 (full 3):
 PSYoungGen      total 273920K, used 19987K [0x00000000eaa80000, 0x00000000fdc00000, 0x0000000100000000)
  eden space 242176K, 0% used [0x00000000eaa80000,0x00000000eaa80000,0x00000000f9700000)
  from space 31744K, 62% used [0x00000000fbb00000,0x00000000fce84cc8,0x00000000fda00000)
  to   space 35328K, 0% used [0x00000000f9700000,0x00000000f9700000,0x00000000fb980000)
 ParOldGen       total 119808K, used 104335K [0x00000000c0000000, 0x00000000c7500000, 0x00000000eaa80000)
  object space 119808K, 87% used [0x00000000c0000000,0x00000000c65e3d28,0x00000000c7500000)
 PSPermGen       total 95744K, used 78675K [0x00000000b0000000, 0x00000000b5d80000, 0x00000000c0000000)
  object space 95744K, 82% used [0x00000000b0000000,0x00000000b4cd4ce8,0x00000000b5d80000)
}
Event: 7499.851 GC heap before
{Heap before GC invocations=32 (full 4):
 PSYoungGen      total 273920K, used 19987K [0x00000000eaa80000, 0x00000000fdc00000, 0x0000000100000000)
  eden space 242176K, 0% used [0x00000000eaa80000,0x00000000eaa80000,0x00000000f9700000)
  from space 31744K, 62% used [0x00000000fbb00000,0x00000000fce84cc8,0x00000000fda00000)
  to   space 35328K, 0% used [0x00000000f9700000,0x00000000f9700000,0x00000000fb980000)
 ParOldGen       total 119808K, used 104335K [0x00000000c0000000, 0x00000000c7500000, 0x00000000eaa80000)
  object space 119808K, 87% used [0x00000000c0000000,0x00000000c65e3d28,0x00000000c7500000)
 PSPermGen       total 95744K, used 78675K [0x00000000b0000000, 0x00000000b5d80000, 0x00000000c0000000)
  object space 95744K, 82% used [0x00000000b0000000,0x00000000b4cd4ce8,0x00000000b5d80000)
Event: 7501.974 GC heap after
Heap after GC invocations=32 (full 4):
 PSYoungGen      total 273920K, used 0K [0x00000000eaa80000, 0x00000000fdc00000, 0x0000000100000000)
  eden space 242176K, 0% used [0x00000000eaa80000,0x00000000eaa80000,0x00000000f9700000)
  from space 31744K, 0% used [0x00000000fbb00000,0x00000000fbb00000,0x00000000fda00000)
  to   space 35328K, 0% used [0x00000000f9700000,0x00000000f9700000,0x00000000fb980000)
 ParOldGen       total 119808K, used 77992K [0x00000000c0000000, 0x00000000c7500000, 0x00000000eaa80000)
  object space 119808K, 65% used [0x00000000c0000000,0x00000000c4c2a090,0x00000000c7500000)
 PSPermGen       total 121344K, used 77241K [0x00000000b0000000, 0x00000000b7680000, 0x00000000c0000000)
  object space 121344K, 63% used [0x00000000b0000000,0x00000000b4b6e690,0x00000000b7680000)
}
Event: 7533.265 GC heap before
{Heap before GC invocations=33 (full 4):
 PSYoungGen      total 273920K, used 242176K [0x00000000eaa80000, 0x00000000fdc00000, 0x0000000100000000)
  eden space 242176K, 100% used [0x00000000eaa80000,0x00000000f9700000,0x00000000f9700000)
  from space 31744K, 0% used [0x00000000fbb00000,0x00000000fbb00000,0x00000000fda00000)
  to   space 35328K, 0% used [0x00000000f9700000,0x00000000f9700000,0x00000000fb980000)
 ParOldGen       total 119808K, used 77992K [0x00000000c0000000, 0x00000000c7500000, 0x00000000eaa80000)
  object space 119808K, 65% used [0x00000000c0000000,0x00000000c4c2a090,0x00000000c7500000)
 PSPermGen       total 121344K, used 84113K [0x00000000b0000000, 0x00000000b7680000, 0x00000000c0000000)
  object space 121344K, 69% used [0x00000000b0000000,0x00000000b52245a0,0x00000000b7680000)
Event: 7533.295 GC heap after
Heap after GC invocations=33 (full 4):
 PSYoungGen      total 277504K, used 21026K [0x00000000eaa80000, 0x00000000ff100000, 0x0000000100000000)
  eden space 242176K, 0% used [0x00000000eaa80000,0x00000000eaa80000,0x00000000f9700000)
  from space 35328K, 59% used [0x00000000f9700000,0x00000000fab88998,0x00000000fb980000)
  to   space 35840K, 0% used [0x00000000fce00000,0x00000000fce00000,0x00000000ff100000)
 ParOldGen       total 119808K, used 77992K [0x00000000c0000000, 0x00000000c7500000, 0x00000000eaa80000)
  object space 119808K, 65% used [0x00000000c0000000,0x00000000c4c2a090,0x00000000c7500000)
 PSPermGen       total 121344K, used 84113K [0x00000000b0000000, 0x00000000b7680000, 0x00000000c0000000)
  object space 121344K, 69% used [0x00000000b0000000,0x00000000b52245a0,0x00000000b7680000)
}
Event: 7542.594 GC heap before
{Heap before GC invocations=34 (full 4):
 PSYoungGen      total 277504K, used 263202K [0x00000000eaa80000, 0x00000000ff100000, 0x0000000100000000)
  eden space 242176K, 100% used [0x00000000eaa80000,0x00000000f9700000,0x00000000f9700000)
  from space 35328K, 59% used [0x00000000f9700000,0x00000000fab88998,0x00000000fb980000)
  to   space 35840K, 0% used [0x00000000fce00000,0x00000000fce00000,0x00000000ff100000)
 ParOldGen       total 119808K, used 77992K [0x00000000c0000000, 0x00000000c7500000, 0x00000000eaa80000)
  object space 119808K, 65% used [0x00000000c0000000,0x00000000c4c2a090,0x00000000c7500000)
 PSPermGen       total 121344K, used 90840K [0x00000000b0000000, 0x00000000b7680000, 0x00000000c0000000)
  object space 121344K, 74% used [0x00000000b0000000,0x00000000b58b6028,0x00000000b7680000)
Event: 7542.638 GC heap after
Heap after GC invocations=34 (full 4):
 PSYoungGen      total 292864K, used 33708K [0x00000000eaa80000, 0x00000000ffb00000, 0x0000000100000000)
  eden space 257024K, 0% used [0x00000000eaa80000,0x00000000eaa80000,0x00000000fa580000)
  from space 35840K, 94% used [0x00000000fce00000,0x00000000feeeb328,0x00000000ff100000)
  to   space 41472K, 0% used [0x00000000fa580000,0x00000000fa580000,0x00000000fce00000)
 ParOldGen       total 119808K, used 77992K [0x00000000c0000000, 0x00000000c7500000, 0x00000000eaa80000)
  object space 119808K, 65% used [0x00000000c0000000,0x00000000c4c2a090,0x00000000c7500000)
 PSPermGen       total 121344K, used 90840K [0x00000000b0000000, 0x00000000b7680000, 0x00000000c0000000)
  object space 121344K, 74% used [0x00000000b0000000,0x00000000b58b6028,0x00000000b7680000)
}
Event: 7546.000 GC heap before
{Heap before GC invocations=35 (full 4):
 PSYoungGen      total 292864K, used 290732K [0x00000000eaa80000, 0x00000000ffb00000, 0x0000000100000000)
  eden space 257024K, 100% used [0x00000000eaa80000,0x00000000fa580000,0x00000000fa580000)
  from space 35840K, 94% used [0x00000000fce00000,0x00000000feeeb328,0x00000000ff100000)
  to   space 41472K, 0% used [0x00000000fa580000,0x00000000fa580000,0x00000000fce00000)
 ParOldGen       total 119808K, used 77992K [0x00000000c0000000, 0x00000000c7500000, 0x00000000eaa80000)
  object space 119808K, 65% used [0x00000000c0000000,0x00000000c4c2a090,0x00000000c7500000)
 PSPermGen       total 121344K, used 97971K [0x00000000b0000000, 0x00000000b7680000, 0x00000000c0000000)
  object space 121344K, 80% used [0x00000000b0000000,0x00000000b5facde8,0x00000000b7680000)
Event: 7546.071 GC heap after
Heap after GC invocations=35 (full 4):
 PSYoungGen      total 298496K, used 41459K [0x00000000eaa80000, 0x0000000100000000, 0x0000000100000000)
  eden space 257024K, 0% used [0x00000000eaa80000,0x00000000eaa80000,0x00000000fa580000)
  from space 41472K, 99% used [0x00000000fa580000,0x00000000fcdfce28,0x00000000fce00000)
  to   space 51200K, 0% used [0x00000000fce00000,0x00000000fce00000,0x0000000100000000)
 ParOldGen       total 119808K, used 87993K [0x00000000c0000000, 0x00000000c7500000, 0x00000000eaa80000)
  object space 119808K, 73% used [0x00000000c0000000,0x00000000c55ee668,0x00000000c7500000)
 PSPermGen       total 121344K, used 97971K [0x00000000b0000000, 0x00000000b7680000, 0x00000000c0000000)
  object space 121344K, 80% used [0x00000000b0000000,0x00000000b5facde8,0x00000000b7680000)
}
Event: 7558.562 GC heap before
{Heap before GC invocations=36 (full 4):
 PSYoungGen      total 298496K, used 298483K [0x00000000eaa80000, 0x0000000100000000, 0x0000000100000000)
  eden space 257024K, 100% used [0x00000000eaa80000,0x00000000fa580000,0x00000000fa580000)
  from space 41472K, 99% used [0x00000000fa580000,0x00000000fcdfce28,0x00000000fce00000)
  to   space 51200K, 0% used [0x00000000fce00000,0x00000000fce00000,0x0000000100000000)
 ParOldGen       total 119808K, used 87993K [0x00000000c0000000, 0x00000000c7500000, 0x00000000eaa80000)
  object space 119808K, 73% used [0x00000000c0000000,0x00000000c55ee668,0x00000000c7500000)
 PSPermGen       total 121344K, used 107213K [0x00000000b0000000, 0x00000000b7680000, 0x00000000c0000000)
  object space 121344K, 88% used [0x00000000b0000000,0x00000000b68b3460,0x00000000b7680000)

